2023-12-11 07:44:49.546 [info] Extension host with pid 260 started
2023-12-11 07:44:49.653 [info] Lock '/config/.openvscode-server/data/User/workspaceStorage/77ef8fbb/vscode.lock': Lock acquired.
2023-12-11 07:44:49.750 [info] ExtensionService#_doActivateExtension vscode.git-base, startup: true, activationEvent: '*'
2023-12-11 07:44:49.995 [info] ExtensionService#_doActivateExtension vscode.github, startup: true, activationEvent: '*'
2023-12-11 07:44:50.216 [info] Eager extensions activated
2023-12-11 07:44:50.232 [info] ExtensionService#_doActivateExtension vscode.debug-auto-launch, startup: false, activationEvent: 'onStartupFinished'
2023-12-11 07:44:50.233 [info] ExtensionService#_doActivateExtension vscode.merge-conflict, startup: false, activationEvent: 'onStartupFinished'
2023-12-11 07:44:50.405 [info] ExtensionService#_doActivateExtension vscode.git, startup: false, activationEvent: 'api', root cause: vscode.github
2023-12-11 07:44:51.700 [info] ExtensionService#_doActivateExtension vscode.github-authentication, startup: false, activationEvent: 'onAuthenticationRequest:github'
2023-12-11 07:45:53.286 [info] ExtensionService#_doActivateExtension vscode.extension-editing, startup: false, activationEvent: 'onLanguage:markdown'
2023-12-11 07:45:53.289 [info] ExtensionService#_doActivateExtension vscode.markdown-language-features, startup: false, activationEvent: 'onLanguage:markdown'
2023-12-11 07:45:53.291 [info] ExtensionService#_doActivateExtension vscode.emmet, startup: false, activationEvent: 'onLanguage'
2023-12-11 07:45:54.676 [info] ExtensionService#_doActivateExtension vscode.markdown-math, startup: false, activationEvent: 'api', root cause: vscode.markdown-language-features
2023-12-11 08:49:13.012 [info] ExtensionService#_doActivateExtension vscode.debug-server-ready, startup: false, activationEvent: 'onDebugResolve'
2023-12-11 09:47:41.135 [info] Extension host terminating: received terminate message from renderer
2023-12-11 09:47:41.142 [info] Lock '/config/.openvscode-server/data/User/workspaceStorage/77ef8fbb/vscode.lock': Marking the lockfile as scheduled to be released in 6000 ms.
2023-12-11 09:47:41.272 [error] Canceled: Canceled
	at new g (/app/openvscode-server/out/vs/workbench/api/node/extensionHostProcess.js:141:110274)
	at l.U (/app/openvscode-server/out/vs/workbench/api/node/extensionHostProcess.js:150:10866)
	at P.<computed>.j.charCodeAt.P.<computed> (/app/openvscode-server/out/vs/workbench/api/node/extensionHostProcess.js:150:8317)
	at d.g (/app/openvscode-server/out/vs/workbench/api/node/extensionHostProcess.js:141:139555)
	at d.executeCommand (/app/openvscode-server/out/vs/workbench/api/node/extensionHostProcess.js:141:138993)
	at p.registerCommand.description (/app/openvscode-server/out/vs/workbench/api/node/extensionHostProcess.js:141:138317)
	at d.h (/app/openvscode-server/out/vs/workbench/api/node/extensionHostProcess.js:141:140094)
	at d.g (/app/openvscode-server/out/vs/workbench/api/node/extensionHostProcess.js:141:139086)
	at d.executeCommand (/app/openvscode-server/out/vs/workbench/api/node/extensionHostProcess.js:141:138993)
	at Object.executeCommand (/app/openvscode-server/out/vs/workbench/api/node/extensionHostProcess.js:158:21333)
	at f.I [as value] (/app/openvscode-server/extensions/git/dist/main.js:2:924696)
	at n.y (/app/openvscode-server/out/vs/workbench/api/node/extensionHostProcess.js:80:1902)
	at n.z (/app/openvscode-server/out/vs/workbench/api/node/extensionHostProcess.js:80:1972)
	at n.fire (/app/openvscode-server/out/vs/workbench/api/node/extensionHostProcess.js:80:2188)
	at Object.m [as dispose] (/app/openvscode-server/extensions/git/dist/main.js:2:940613)
	at /app/openvscode-server/extensions/git/dist/main.js:2:945566
	at Array.forEach (<anonymous>)
	at p.dispose (/app/openvscode-server/extensions/git/dist/main.js:2:945552)
	at u.<anonymous> (/app/openvscode-server/out/vs/workbench/api/node/extensionHostProcess.js:137:3620)
	at u.dispose (/app/openvscode-server/out/vs/workbench/api/node/extensionHostProcess.js:137:3717)
	at u.<anonymous> (/app/openvscode-server/extensions/git/dist/main.js:2:926708)
	at u.dispose (/app/openvscode-server/out/vs/workbench/api/node/extensionHostProcess.js:137:3717)
	at s (/app/openvscode-server/out/vs/workbench/api/node/extensionHostProcess.js:30:754)
	at f.cb (/app/openvscode-server/out/vs/workbench/api/node/extensionHostProcess.js:154:9873)
	at /app/openvscode-server/out/vs/workbench/api/node/extensionHostProcess.js:154:7808
	at Array.map (<anonymous>)
	at f.Y (/app/openvscode-server/out/vs/workbench/api/node/extensionHostProcess.js:154:7795)
	at f.terminate (/app/openvscode-server/out/vs/workbench/api/node/extensionHostProcess.js:154:8068)
	at s.terminate (/app/openvscode-server/out/vs/workbench/api/node/extensionHostProcess.js:158:1513)
	at a (/app/openvscode-server/out/vs/workbench/api/node/extensionHostProcess.js:171:9802)
	at f.value (/app/openvscode-server/out/vs/workbench/api/node/extensionHostProcess.js:171:7849)
	at n.y (/app/openvscode-server/out/vs/workbench/api/node/extensionHostProcess.js:80:1902)
	at n.fire (/app/openvscode-server/out/vs/workbench/api/node/extensionHostProcess.js:80:2119)
	at o.fire (/app/openvscode-server/out/vs/workbench/api/node/extensionHostProcess.js:103:14039)
	at d.z (/app/openvscode-server/out/vs/workbench/api/node/extensionHostProcess.js:103:17104)
	at f.value (/app/openvscode-server/out/vs/workbench/api/node/extensionHostProcess.js:103:15556)
	at n.y (/app/openvscode-server/out/vs/workbench/api/node/extensionHostProcess.js:80:1902)
	at n.fire (/app/openvscode-server/out/vs/workbench/api/node/extensionHostProcess.js:80:2119)
	at f.acceptChunk (/app/openvscode-server/out/vs/workbench/api/node/extensionHostProcess.js:103:11813)
	at f.value (/app/openvscode-server/out/vs/workbench/api/node/extensionHostProcess.js:103:11100)
	at n.y (/app/openvscode-server/out/vs/workbench/api/node/extensionHostProcess.js:80:1902)
	at n.fire (/app/openvscode-server/out/vs/workbench/api/node/extensionHostProcess.js:80:2119)
	at n.z (/app/openvscode-server/out/vs/workbench/api/node/extensionHostProcess.js:168:19507) setContext undefined
2023-12-11 09:47:41.281 [error] Canceled: Canceled
	at new g (/app/openvscode-server/out/vs/workbench/api/node/extensionHostProcess.js:141:110274)
	at l.U (/app/openvscode-server/out/vs/workbench/api/node/extensionHostProcess.js:150:10866)
	at P.<computed>.j.charCodeAt.P.<computed> (/app/openvscode-server/out/vs/workbench/api/node/extensionHostProcess.js:150:8317)
	at d.g (/app/openvscode-server/out/vs/workbench/api/node/extensionHostProcess.js:141:139555)
	at d.executeCommand (/app/openvscode-server/out/vs/workbench/api/node/extensionHostProcess.js:141:138993)
	at p.registerCommand.description (/app/openvscode-server/out/vs/workbench/api/node/extensionHostProcess.js:141:138317)
	at d.h (/app/openvscode-server/out/vs/workbench/api/node/extensionHostProcess.js:141:140094)
	at d.g (/app/openvscode-server/out/vs/workbench/api/node/extensionHostProcess.js:141:139086)
	at d.executeCommand (/app/openvscode-server/out/vs/workbench/api/node/extensionHostProcess.js:141:138993)
	at Object.executeCommand (/app/openvscode-server/out/vs/workbench/api/node/extensionHostProcess.js:158:21333)
	at set b [as b] (/app/openvscode-server/extensions/github/dist/extension.js:2:322364)
	at /app/openvscode-server/extensions/github/dist/extension.js:2:323005
	at f.value (/app/openvscode-server/extensions/git/dist/main.js:2:1016450)
	at n.y (/app/openvscode-server/out/vs/workbench/api/node/extensionHostProcess.js:80:1902)
	at n.z (/app/openvscode-server/out/vs/workbench/api/node/extensionHostProcess.js:80:1972)
	at n.fire (/app/openvscode-server/out/vs/workbench/api/node/extensionHostProcess.js:80:2188)
	at Object.m [as dispose] (/app/openvscode-server/extensions/git/dist/main.js:2:940613)
	at /app/openvscode-server/extensions/git/dist/main.js:2:945566
	at Array.forEach (<anonymous>)
	at p.dispose (/app/openvscode-server/extensions/git/dist/main.js:2:945552)
	at u.<anonymous> (/app/openvscode-server/out/vs/workbench/api/node/extensionHostProcess.js:137:3620)
	at u.dispose (/app/openvscode-server/out/vs/workbench/api/node/extensionHostProcess.js:137:3717)
	at u.<anonymous> (/app/openvscode-server/extensions/git/dist/main.js:2:926708)
	at u.dispose (/app/openvscode-server/out/vs/workbench/api/node/extensionHostProcess.js:137:3717)
	at s (/app/openvscode-server/out/vs/workbench/api/node/extensionHostProcess.js:30:754)
	at f.cb (/app/openvscode-server/out/vs/workbench/api/node/extensionHostProcess.js:154:9873)
	at /app/openvscode-server/out/vs/workbench/api/node/extensionHostProcess.js:154:7808
	at Array.map (<anonymous>)
	at f.Y (/app/openvscode-server/out/vs/workbench/api/node/extensionHostProcess.js:154:7795)
	at f.terminate (/app/openvscode-server/out/vs/workbench/api/node/extensionHostProcess.js:154:8068)
	at s.terminate (/app/openvscode-server/out/vs/workbench/api/node/extensionHostProcess.js:158:1513)
	at a (/app/openvscode-server/out/vs/workbench/api/node/extensionHostProcess.js:171:9802)
	at f.value (/app/openvscode-server/out/vs/workbench/api/node/extensionHostProcess.js:171:7849)
	at n.y (/app/openvscode-server/out/vs/workbench/api/node/extensionHostProcess.js:80:1902)
	at n.fire (/app/openvscode-server/out/vs/workbench/api/node/extensionHostProcess.js:80:2119)
	at o.fire (/app/openvscode-server/out/vs/workbench/api/node/extensionHostProcess.js:103:14039)
	at d.z (/app/openvscode-server/out/vs/workbench/api/node/extensionHostProcess.js:103:17104)
	at f.value (/app/openvscode-server/out/vs/workbench/api/node/extensionHostProcess.js:103:15556)
	at n.y (/app/openvscode-server/out/vs/workbench/api/node/extensionHostProcess.js:80:1902)
	at n.fire (/app/openvscode-server/out/vs/workbench/api/node/extensionHostProcess.js:80:2119)
	at f.acceptChunk (/app/openvscode-server/out/vs/workbench/api/node/extensionHostProcess.js:103:11813)
	at f.value (/app/openvscode-server/out/vs/workbench/api/node/extensionHostProcess.js:103:11100)
	at n.y (/app/openvscode-server/out/vs/workbench/api/node/extensionHostProcess.js:80:1902)
	at n.fire (/app/openvscode-server/out/vs/workbench/api/node/extensionHostProcess.js:80:2119)
	at n.z (/app/openvscode-server/out/vs/workbench/api/node/extensionHostProcess.js:168:19507) setContext undefined
2023-12-11 09:47:41.282 [info] Extension host with pid 260 exiting with code 0
