2023-12-11 12:03:15.364 [info] Log level: Info
2023-12-11 12:03:15.364 [info] Validating found git in: "git"
2023-12-11 12:03:15.364 [info] Using git "2.34.1" from "git"
2023-12-11 12:03:15.364 [info] > git rev-parse --show-toplevel [73ms]
2023-12-11 12:03:15.364 [info] > git rev-parse --git-dir --git-common-dir [7ms]
2023-12-11 12:03:15.364 [info] Open repository: /config
2023-12-11 12:03:15.364 [info] > git rev-parse --show-toplevel [6ms]
2023-12-11 12:03:15.364 [info] > git config --get commit.template [22ms]
2023-12-11 12:03:15.364 [info] > git rev-parse --show-toplevel [23ms]
2023-12-11 12:03:15.364 [info] > git for-each-ref --format=%(refname)%00%(upstream:short)%00%(objectname)%00%(upstream:track)%00%(upstream:remotename)%00%(upstream:remoteref) refs/heads/main refs/remotes/main [34ms]
2023-12-11 12:03:15.364 [info] > git rev-parse --show-toplevel [11ms]
2023-12-11 12:03:15.364 [info] > git rev-parse --show-toplevel [5ms]
2023-12-11 12:03:15.364 [info] > git rev-parse --show-toplevel [19ms]
2023-12-11 12:03:15.364 [info] > git status -z -uall [30ms]
2023-12-11 12:03:15.364 [info] > git rev-parse --show-toplevel [4ms]
2023-12-11 12:03:15.364 [info] > git rev-parse --show-toplevel [20ms]
2023-12-11 12:03:15.364 [info] > git config --get commit.template [20ms]
2023-12-11 12:03:15.364 [info] > git rev-parse --show-toplevel [18ms]
2023-12-11 12:03:15.364 [info] > git for-each-ref --format=%(refname)%00%(upstream:short)%00%(objectname)%00%(upstream:track)%00%(upstream:remotename)%00%(upstream:remoteref) refs/heads/main refs/remotes/main [23ms]
2023-12-11 12:03:15.364 [info] > git rev-parse --show-toplevel [17ms]
2023-12-11 12:03:15.364 [info] > git rev-parse --show-toplevel [21ms]
2023-12-11 12:03:15.364 [info] > git status -z -uall [21ms]
2023-12-11 12:03:15.364 [info] > git rev-parse --show-toplevel [15ms]
2023-12-11 12:03:15.364 [info] > git rev-parse --show-toplevel [4ms]
2023-12-11 12:03:15.364 [info] > git rev-parse --show-toplevel [16ms]
2023-12-11 12:03:15.795 [info] > git rev-parse --show-toplevel [4ms]
2023-12-11 12:03:15.994 [info] > git check-ignore -v -z --stdin [51ms]
2023-12-11 12:03:15.998 [info] > git show --textconv :_posts/2023-12-10-subtitles.md [22ms]
2023-12-11 12:03:16.002 [info] > git ls-files --stage -- /config/_posts/2023-12-10-subtitles.md [10ms]
2023-12-11 12:03:16.022 [info] > git cat-file -s ab3ee30ff76fddc65b970cb2a7c61b80433e0212 [6ms]
2023-12-11 12:03:18.507 [info] > git config --get commit.template [17ms]
2023-12-11 12:03:18.509 [info] > git for-each-ref --format=%(refname)%00%(upstream:short)%00%(objectname)%00%(upstream:track)%00%(upstream:remotename)%00%(upstream:remoteref) refs/heads/main refs/remotes/main [4ms]
2023-12-11 12:03:18.532 [info] > git status -z -uall [5ms]
2023-12-11 12:03:19.063 [info] > git rev-parse --show-toplevel [3ms]
2023-12-11 12:03:23.560 [info] > git config --get commit.template [2ms]
2023-12-11 12:03:23.580 [info] > git for-each-ref --format=%(refname)%00%(upstream:short)%00%(objectname)%00%(upstream:track)%00%(upstream:remotename)%00%(upstream:remoteref) refs/heads/main refs/remotes/main [3ms]
2023-12-11 12:03:23.602 [info] > git status -z -uall [5ms]
2023-12-11 12:03:24.135 [info] > git rev-parse --show-toplevel [3ms]
2023-12-11 12:03:28.651 [info] > git check-ignore -v -z --stdin [20ms]
2023-12-11 12:03:28.654 [info] > git config --get commit.template [5ms]
2023-12-11 12:03:28.673 [info] > git for-each-ref --format=%(refname)%00%(upstream:short)%00%(objectname)%00%(upstream:track)%00%(upstream:remotename)%00%(upstream:remoteref) refs/heads/main refs/remotes/main [3ms]
2023-12-11 12:03:28.696 [info] > git status -z -uall [5ms]
2023-12-11 12:03:29.226 [info] > git rev-parse --show-toplevel [2ms]
